PLINK v1.90b3.36 64-bit (31 Mar 2016)
Options in effect:
  --bfile 1kg_chr22
  --extract snp.extract
  --freq
  --out 1kg_ref

Hostname: Guo-Bos-MacBook-Pro.local
Working directory: /Users/gc5k/git/ssMeta/RNotes/1KG_chr22
Start time: Wed Dec  5 17:47:37 2018

Random number seed: 1544003257
16384 MB RAM detected; reserving 8192 MB for main workspace.
12885 variants loaded from .bim file.
2504 people (0 males, 0 females, 2504 ambiguous) loaded from .fam.
Ambiguous sex IDs written to 1kg_ref.nosex .
--extract: 2126 variants remaining.
Using 1 thread (no multithreaded calculations invoked).
Before main variant filters, 2504 founders and 0 nonfounders present.
Calculating allele frequencies... done.
--freq: Allele frequencies (founders only) written to 1kg_ref.frq .

End time: Wed Dec  5 17:47:37 2018
