PLINK v1.90b3.36 64-bit (31 Mar 2016)
Options in effect:
  --allow-no-sex
  --bfile 1kg_chr22
  --freq
  --keep YRI.txt
  --out YRI_22

Hostname: Guo-Bos-MacBook-Pro.local
Working directory: /Users/gc5k/git/ssMeta/RNotes/1KG_chr22
Start time: Wed Dec  5 23:07:47 2018

Random number seed: 1544022467
16384 MB RAM detected; reserving 8192 MB for main workspace.
12885 variants loaded from .bim file.
2504 people (0 males, 0 females, 2504 ambiguous) loaded from .fam.
Ambiguous sex IDs written to YRI_22.nosex .
--keep: 108 people remaining.
Using 1 thread (no multithreaded calculations invoked).
Before main variant filters, 108 founders and 0 nonfounders present.
Calculating allele frequencies... done.
--freq: Allele frequencies (founders only) written to YRI_22.frq .

End time: Wed Dec  5 23:07:47 2018
